# JRE version: Java(TM) SE Runtime Environment (8.0_11-b12) (build 1.8.0_11-b12)
# Java VM: Java HotSpot(TM) 64-Bit Server VM (25.11-b03 mixed mode windows-amd64 compressed oops)
Heap:
 PSYoungGen      total 37888K, used 35622K [0x00000000d5f00000, 0x00000000d9100000, 0x0000000100000000)
  eden space 37376K, 95% used [0x00000000d5f00000,0x00000000d81b9918,0x00000000d8380000)
  from space 512K, 12% used [0x00000000d9080000,0x00000000d9090000,0x00000000d9100000)
  to   space 2048K, 0% used [0x00000000d8d00000,0x00000000d8d00000,0x00000000d8f00000)
 ParOldGen       total 17408K, used 12515K [0x0000000081c00000, 0x0000000082d00000, 0x00000000d5f00000)
  object space 17408K, 71% used [0x0000000081c00000,0x0000000082838f98,0x0000000082d00000)
 Metaspace       used 22669K, capacity 22928K, committed 23168K, reserved 1069056K
  class space    used 3065K, capacity 3142K, committed 3200K, reserved 1048576K
GC Heap History (10 events):
Event: 56.070 GC heap before
{Heap before GC invocations=22 (full 2):
 PSYoungGen      total 38912K, used 36416K [0x00000000d5f00000, 0x00000000d8d80000, 0x0000000100000000)
  eden space 36352K, 100% used [0x00000000d5f00000,0x00000000d8280000,0x00000000d8280000)
  from space 2560K, 2% used [0x00000000d8280000,0x00000000d8290000,0x00000000d8500000)
  to   space 2560K, 0% used [0x00000000d8b00000,0x00000000d8b00000,0x00000000d8d80000)
 ParOldGen       total 17408K, used 12483K [0x0000000081c00000, 0x0000000082d00000, 0x00000000d5f00000)
  object space 17408K, 71% used [0x0000000081c00000,0x0000000082830f98,0x0000000082d00000)
 Metaspace       used 22356K, capacity 22634K, committed 22912K, reserved 1069056K
  class space    used 3028K, capacity 3109K, committed 3200K, reserved 1048576K
Event: 56.072 GC heap after
Heap after GC invocations=22 (full 2):
 PSYoungGen      total 45056K, used 64K [0x00000000d5f00000, 0x00000000d8f00000, 0x0000000100000000)
  eden space 42496K, 0% used [0x00000000d5f00000,0x00000000d5f00000,0x00000000d8880000)
  from space 2560K, 2% used [0x00000000d8b00000,0x00000000d8b10000,0x00000000d8d80000)
  to   space 2560K, 0% used [0x00000000d8880000,0x00000000d8880000,0x00000000d8b00000)
 ParOldGen       total 17408K, used 12499K [0x0000000081c00000, 0x0000000082d00000, 0x00000000d5f00000)
  object space 17408K, 71% used [0x0000000081c00000,0x0000000082834f98,0x0000000082d00000)
 Metaspace       used 22356K, capacity 22634K, committed 22912K, reserved 1069056K
  class space    used 3028K, capacity 3109K, committed 3200K, reserved 1048576K
}
Event: 75.991 GC heap before
{Heap before GC invocations=23 (full 2):
 PSYoungGen      total 45056K, used 42560K [0x00000000d5f00000, 0x00000000d8f00000, 0x0000000100000000)
  eden space 42496K, 100% used [0x00000000d5f00000,0x00000000d8880000,0x00000000d8880000)
  from space 2560K, 2% used [0x00000000d8b00000,0x00000000d8b10000,0x00000000d8d80000)
  to   space 2560K, 0% used [0x00000000d8880000,0x00000000d8880000,0x00000000d8b00000)
 ParOldGen       total 17408K, used 12499K [0x0000000081c00000, 0x0000000082d00000, 0x00000000d5f00000)
  object space 17408K, 71% used [0x0000000081c00000,0x0000000082834f98,0x0000000082d00000)
 Metaspace       used 22386K, capacity 22634K, committed 22912K, reserved 1069056K
  class space    used 3028K, capacity 3109K, committed 3200K, reserved 1048576K
Event: 75.993 GC heap after
Heap after GC invocations=23 (full 2):
 PSYoungGen      total 45056K, used 32K [0x00000000d5f00000, 0x00000000d9400000, 0x0000000100000000)
  eden space 42496K, 0% used [0x00000000d5f00000,0x00000000d5f00000,0x00000000d8880000)
  from space 2560K, 1% used [0x00000000d8880000,0x00000000d8888000,0x00000000d8b00000)
  to   space 2048K, 0% used [0x00000000d9200000,0x00000000d9200000,0x00000000d9400000)
 ParOldGen       total 17408K, used 12507K [0x0000000081c00000, 0x0000000082d00000, 0x00000000d5f00000)
  object space 17408K, 71% used [0x0000000081c00000,0x0000000082836f98,0x0000000082d00000)
 Metaspace       used 22386K, capacity 22634K, committed 22912K, reserved 1069056K
  class space    used 3028K, capacity 3109K, committed 3200K, reserved 1048576K
}
Event: 96.194 GC heap before
{Heap before GC invocations=24 (full 2):
 PSYoungGen      total 45056K, used 42528K [0x00000000d5f00000, 0x00000000d9400000, 0x0000000100000000)
  eden space 42496K, 100% used [0x00000000d5f00000,0x00000000d8880000,0x00000000d8880000)
  from space 2560K, 1% used [0x00000000d8880000,0x00000000d8888000,0x00000000d8b00000)
  to   space 2048K, 0% used [0x00000000d9200000,0x00000000d9200000,0x00000000d9400000)
 ParOldGen       total 17408K, used 12507K [0x0000000081c00000, 0x0000000082d00000, 0x00000000d5f00000)
  object space 17408K, 71% used [0x0000000081c00000,0x0000000082836f98,0x0000000082d00000)
 Metaspace       used 22392K, capacity 22634K, committed 22912K, reserved 1069056K
  class space    used 3028K, capacity 3109K, committed 3200K, reserved 1048576K
Event: 96.197 GC heap after
Heap after GC invocations=24 (full 2):
 PSYoungGen      total 40960K, used 64K [0x00000000d5f00000, 0x00000000d9280000, 0x0000000100000000)
  eden space 40448K, 0% used [0x00000000d5f00000,0x00000000d5f00000,0x00000000d8680000)
  from space 512K, 12% used [0x00000000d9200000,0x00000000d9210000,0x00000000d9280000)
  to   space 2048K, 0% used [0x00000000d8e80000,0x00000000d8e80000,0x00000000d9080000)
 ParOldGen       total 17408K, used 12507K [0x0000000081c00000, 0x0000000082d00000, 0x00000000d5f00000)
  object space 17408K, 71% used [0x0000000081c00000,0x0000000082836f98,0x0000000082d00000)
 Metaspace       used 22392K, capacity 22634K, committed 22912K, reserved 1069056K
  class space    used 3028K, capacity 3109K, committed 3200K, reserved 1048576K
}
Event: 115.508 GC heap before
{Heap before GC invocations=25 (full 2):
 PSYoungGen      total 40960K, used 40512K [0x00000000d5f00000, 0x00000000d9280000, 0x0000000100000000)
  eden space 40448K, 100% used [0x00000000d5f00000,0x00000000d8680000,0x00000000d8680000)
  from space 512K, 12% used [0x00000000d9200000,0x00000000d9210000,0x00000000d9280000)
  to   space 2048K, 0% used [0x00000000d8e80000,0x00000000d8e80000,0x00000000d9080000)
 ParOldGen       total 17408K, used 12507K [0x0000000081c00000, 0x0000000082d00000, 0x00000000d5f00000)
  object space 17408K, 71% used [0x0000000081c00000,0x0000000082836f98,0x0000000082d00000)
 Metaspace       used 22421K, capacity 22698K, committed 22912K, reserved 1069056K
  class space    used 3028K, capacity 3109K, committed 3200K, reserved 1048576K
Event: 115.509 GC heap after
Heap after GC invocations=25 (full 2):
 PSYoungGen      total 40960K, used 64K [0x00000000d5f00000, 0x00000000d9280000, 0x0000000100000000)
  eden space 38912K, 0% used [0x00000000d5f00000,0x00000000d5f00000,0x00000000d8500000)
  from space 2048K, 3% used [0x00000000d8e80000,0x00000000d8e90000,0x00000000d9080000)
  to   space 2048K, 0% used [0x00000000d9080000,0x00000000d9080000,0x00000000d9280000)
 ParOldGen       total 17408K, used 12515K [0x0000000081c00000, 0x0000000082d00000, 0x00000000d5f00000)
  object space 17408K, 71% used [0x0000000081c00000,0x0000000082838f98,0x0000000082d00000)
 Metaspace       used 22421K, capacity 22698K, committed 22912K, reserved 1069056K
  class space    used 3028K, capacity 3109K, committed 3200K, reserved 1048576K
}
Event: 152.826 GC heap before
{Heap before GC invocations=26 (full 2):
 PSYoungGen      total 40960K, used 38976K [0x00000000d5f00000, 0x00000000d9280000, 0x0000000100000000)
  eden space 38912K, 100% used [0x00000000d5f00000,0x00000000d8500000,0x00000000d8500000)
  from space 2048K, 3% used [0x00000000d8e80000,0x00000000d8e90000,0x00000000d9080000)
  to   space 2048K, 0% used [0x00000000d9080000,0x00000000d9080000,0x00000000d9280000)
 ParOldGen       total 17408K, used 12515K [0x0000000081c00000, 0x0000000082d00000, 0x00000000d5f00000)
  object space 17408K, 71% used [0x0000000081c00000,0x0000000082838f98,0x0000000082d00000)
 Metaspace       used 22423K, capacity 22698K, committed 22912K, reserved 1069056K
  class space    used 3028K, capacity 3109K, committed 3200K, reserved 1048576K
Event: 152.827 GC heap after
Heap after GC invocations=26 (full 2):
 PSYoungGen      total 37888K, used 64K [0x00000000d5f00000, 0x00000000d9100000, 0x0000000100000000)
  eden space 37376K, 0% used [0x00000000d5f00000,0x00000000d5f00000,0x00000000d8380000)
  from space 512K, 12% used [0x00000000d9080000,0x00000000d9090000,0x00000000d9100000)
  to   space 2048K, 0% used [0x00000000d8d00000,0x00000000d8d00000,0x00000000d8f00000)
 ParOldGen       total 17408K, used 12515K [0x0000000081c00000, 0x0000000082d00000, 0x00000000d5f00000)
  object space 17408K, 71% used [0x0000000081c00000,0x0000000082838f98,0x0000000082d00000)
 Metaspace       used 22423K, capacity 22698K, committed 22912K, reserved 1069056K
  class space    used 3028K, capacity 3109K, committed 3200K, reserved 1048576K
}

