# JRE version: Java(TM) SE Runtime Environment (8.0_11-b12) (build 1.8.0_11-b12)
# Java VM: Java HotSpot(TM) 64-Bit Server VM (25.11-b03 mixed mode windows-amd64 compressed oops)
Heap:
 PSYoungGen      total 34816K, used 11750K [0x00000000d5f00000, 0x00000000d8a80000, 0x0000000100000000)
  eden space 31232K, 27% used [0x00000000d5f00000,0x00000000d6756cc8,0x00000000d7d80000)
  from space 3584K, 89% used [0x00000000d8700000,0x00000000d8a22e80,0x00000000d8a80000)
  to   space 6144K, 0% used [0x00000000d7e80000,0x00000000d7e80000,0x00000000d8480000)
 ParOldGen       total 16384K, used 10079K [0x0000000081c00000, 0x0000000082c00000, 0x00000000d5f00000)
  object space 16384K, 61% used [0x0000000081c00000,0x00000000825d7f88,0x0000000082c00000)
 Metaspace       used 22339K, capacity 22576K, committed 22912K, reserved 1069056K
  class space    used 3055K, capacity 3110K, committed 3200K, reserved 1048576K
GC Heap History (10 events):
Event: 1.011 GC heap before
{Heap before GC invocations=11 (full 0):
 PSYoungGen      total 14848K, used 14368K [0x00000000d5f00000, 0x00000000d6f00000, 0x0000000100000000)
  eden space 13312K, 100% used [0x00000000d5f00000,0x00000000d6c00000,0x00000000d6c00000)
  from space 1536K, 68% used [0x00000000d6d80000,0x00000000d6e88020,0x00000000d6f00000)
  to   space 1536K, 0% used [0x00000000d6c00000,0x00000000d6c00000,0x00000000d6d80000)
 ParOldGen       total 129536K, used 3018K [0x0000000081c00000, 0x0000000089a80000, 0x00000000d5f00000)
  object space 129536K, 2% used [0x0000000081c00000,0x0000000081ef28a8,0x0000000089a80000)
 Metaspace       used 13483K, capacity 13644K, committed 13952K, reserved 1060864K
  class space    used 1758K, capacity 1824K, committed 1920K, reserved 1048576K
Event: 1.016 GC heap after
Heap after GC invocations=11 (full 0):
 PSYoungGen      total 14848K, used 160K [0x00000000d5f00000, 0x00000000d7700000, 0x0000000100000000)
  eden space 13312K, 0% used [0x00000000d5f00000,0x00000000d5f00000,0x00000000d6c00000)
  from space 1536K, 10% used [0x00000000d6c00000,0x00000000d6c28000,0x00000000d6d80000)
  to   space 1536K, 0% used [0x00000000d7580000,0x00000000d7580000,0x00000000d7700000)
 ParOldGen       total 129536K, used 3970K [0x0000000081c00000, 0x0000000089a80000, 0x00000000d5f00000)
  object space 129536K, 3% used [0x0000000081c00000,0x0000000081fe08c8,0x0000000089a80000)
 Metaspace       used 13483K, capacity 13644K, committed 13952K, reserved 1060864K
  class space    used 1758K, capacity 1824K, committed 1920K, reserved 1048576K
}
Event: 1.165 GC heap before
{Heap before GC invocations=12 (full 0):
 PSYoungGen      total 14848K, used 13472K [0x00000000d5f00000, 0x00000000d7700000, 0x0000000100000000)
  eden space 13312K, 100% used [0x00000000d5f00000,0x00000000d6c00000,0x00000000d6c00000)
  from space 1536K, 10% used [0x00000000d6c00000,0x00000000d6c28000,0x00000000d6d80000)
  to   space 1536K, 0% used [0x00000000d7580000,0x00000000d7580000,0x00000000d7700000)
 ParOldGen       total 129536K, used 3970K [0x0000000081c00000, 0x0000000089a80000, 0x00000000d5f00000)
  object space 129536K, 3% used [0x0000000081c00000,0x0000000081fe08c8,0x0000000089a80000)
 Metaspace       used 15275K, capacity 15448K, committed 15744K, reserved 1062912K
  class space    used 2067K, capacity 2146K, committed 2176K, reserved 1048576K
Event: 1.168 GC heap after
Heap after GC invocations=12 (full 0):
 PSYoungGen      total 23040K, used 1024K [0x00000000d5f00000, 0x00000000d7700000, 0x0000000100000000)
  eden space 21504K, 0% used [0x00000000d5f00000,0x00000000d5f00000,0x00000000d7400000)
  from space 1536K, 66% used [0x00000000d7580000,0x00000000d7680000,0x00000000d7700000)
  to   space 1536K, 0% used [0x00000000d7400000,0x00000000d7400000,0x00000000d7580000)
 ParOldGen       total 129536K, used 4042K [0x0000000081c00000, 0x0000000089a80000, 0x00000000d5f00000)
  object space 129536K, 3% used [0x0000000081c00000,0x0000000081ff28c8,0x0000000089a80000)
 Metaspace       used 15275K, capacity 15448K, committed 15744K, reserved 1062912K
  class space    used 2067K, capacity 2146K, committed 2176K, reserved 1048576K
}
Event: 2.251 GC heap before
{Heap before GC invocations=13 (full 0):
 PSYoungGen      total 23040K, used 18625K [0x00000000d5f00000, 0x00000000d7700000, 0x0000000100000000)
  eden space 21504K, 81% used [0x00000000d5f00000,0x00000000d70307f8,0x00000000d7400000)
  from space 1536K, 66% used [0x00000000d7580000,0x00000000d7680000,0x00000000d7700000)
  to   space 1536K, 0% used [0x00000000d7400000,0x00000000d7400000,0x00000000d7580000)
 ParOldGen       total 129536K, used 4042K [0x0000000081c00000, 0x0000000089a80000, 0x00000000d5f00000)
  object space 129536K, 3% used [0x0000000081c00000,0x0000000081ff28c8,0x0000000089a80000)
 Metaspace       used 20885K, capacity 21034K, committed 21248K, reserved 1067008K
  class space    used 2923K, capacity 2981K, committed 3072K, reserved 1048576K
Event: 2.258 GC heap after
Heap after GC invocations=13 (full 0):
 PSYoungGen      total 23040K, used 1522K [0x00000000d5f00000, 0x00000000d8d00000, 0x0000000100000000)
  eden space 21504K, 0% used [0x00000000d5f00000,0x00000000d5f00000,0x00000000d7400000)
  from space 1536K, 99% used [0x00000000d7400000,0x00000000d757ca80,0x00000000d7580000)
  to   space 6144K, 0% used [0x00000000d8700000,0x00000000d8700000,0x00000000d8d00000)
 ParOldGen       total 129536K, used 15795K [0x0000000081c00000, 0x0000000089a80000, 0x00000000d5f00000)
  object space 129536K, 12% used [0x0000000081c00000,0x0000000082b6cc70,0x0000000089a80000)
 Metaspace       used 20885K, capacity 21034K, committed 21248K, reserved 1067008K
  class space    used 2923K, capacity 2981K, committed 3072K, reserved 1048576K
}
Event: 2.258 GC heap before
{Heap before GC invocations=14 (full 1):
 PSYoungGen      total 23040K, used 1522K [0x00000000d5f00000, 0x00000000d8d00000, 0x0000000100000000)
  eden space 21504K, 0% used [0x00000000d5f00000,0x00000000d5f00000,0x00000000d7400000)
  from space 1536K, 99% used [0x00000000d7400000,0x00000000d757ca80,0x00000000d7580000)
  to   space 6144K, 0% used [0x00000000d8700000,0x00000000d8700000,0x00000000d8d00000)
 ParOldGen       total 129536K, used 15795K [0x0000000081c00000, 0x0000000089a80000, 0x00000000d5f00000)
  object space 129536K, 12% used [0x0000000081c00000,0x0000000082b6cc70,0x0000000089a80000)
 Metaspace       used 20885K, capacity 21034K, committed 21248K, reserved 1067008K
  class space    used 2923K, capacity 2981K, committed 3072K, reserved 1048576K
Event: 2.286 GC heap after
Heap after GC invocations=14 (full 1):
 PSYoungGen      total 23040K, used 0K [0x00000000d5f00000, 0x00000000d8d00000, 0x0000000100000000)
  eden space 21504K, 0% used [0x00000000d5f00000,0x00000000d5f00000,0x00000000d7400000)
  from space 1536K, 0% used [0x00000000d7400000,0x00000000d7400000,0x00000000d7580000)
  to   space 6144K, 0% used [0x00000000d8700000,0x00000000d8700000,0x00000000d8d00000)
 ParOldGen       total 16384K, used 10071K [0x0000000081c00000, 0x0000000082c00000, 0x00000000d5f00000)
  object space 16384K, 61% used [0x0000000081c00000,0x00000000825d5f88,0x0000000082c00000)
 Metaspace       used 20885K, capacity 21034K, committed 21248K, reserved 1067008K
  class space    used 2923K, capacity 2981K, committed 3072K, reserved 1048576K
}
Event: 3.068 GC heap before
{Heap before GC invocations=15 (full 1):
 PSYoungGen      total 23040K, used 21504K [0x00000000d5f00000, 0x00000000d8d00000, 0x0000000100000000)
  eden space 21504K, 100% used [0x00000000d5f00000,0x00000000d7400000,0x00000000d7400000)
  from space 1536K, 0% used [0x00000000d7400000,0x00000000d7400000,0x00000000d7580000)
  to   space 6144K, 0% used [0x00000000d8700000,0x00000000d8700000,0x00000000d8d00000)
 ParOldGen       total 16384K, used 10071K [0x0000000081c00000, 0x0000000082c00000, 0x00000000d5f00000)
  object space 16384K, 61% used [0x0000000081c00000,0x00000000825d5f88,0x0000000082c00000)
 Metaspace       used 22015K, capacity 22154K, committed 22400K, reserved 1069056K
  class space    used 3019K, capacity 3077K, committed 3200K, reserved 1048576K
Event: 3.070 GC heap after
Heap after GC invocations=15 (full 1):
 PSYoungGen      total 34816K, used 3211K [0x00000000d5f00000, 0x00000000d8a80000, 0x0000000100000000)
  eden space 31232K, 0% used [0x00000000d5f00000,0x00000000d5f00000,0x00000000d7d80000)
  from space 3584K, 89% used [0x00000000d8700000,0x00000000d8a22e80,0x00000000d8a80000)
  to   space 6144K, 0% used [0x00000000d7e80000,0x00000000d7e80000,0x00000000d8480000)
 ParOldGen       total 16384K, used 10079K [0x0000000081c00000, 0x0000000082c00000, 0x00000000d5f00000)
  object space 16384K, 61% used [0x0000000081c00000,0x00000000825d7f88,0x0000000082c00000)
 Metaspace       used 22015K, capacity 22154K, committed 22400K, reserved 1069056K
  class space    used 3019K, capacity 3077K, committed 3200K, reserved 1048576K
}

