# JRE version: Java(TM) SE Runtime Environment (8.0_11-b12) (build 1.8.0_11-b12)
# Java VM: Java HotSpot(TM) 64-Bit Server VM (25.11-b03 mixed mode windows-amd64 compressed oops)
Heap:
 PSYoungGen      total 32768K, used 8874K [0x00000000d5f00000, 0x00000000d8800000, 0x0000000100000000)
  eden space 29184K, 30% used [0x00000000d5f00000,0x00000000d67aaa88,0x00000000d7b80000)
  from space 3584K, 0% used [0x00000000d8480000,0x00000000d8480000,0x00000000d8800000)
  to   space 4096K, 0% used [0x00000000d8000000,0x00000000d8000000,0x00000000d8400000)
 ParOldGen       total 17408K, used 12490K [0x0000000081c00000, 0x0000000082d00000, 0x00000000d5f00000)
  object space 17408K, 71% used [0x0000000081c00000,0x0000000082832850,0x0000000082d00000)
 Metaspace       used 22340K, capacity 22576K, committed 22912K, reserved 1069056K
  class space    used 3053K, capacity 3110K, committed 3200K, reserved 1048576K
GC Heap History (10 events):
Event: 1.156 GC heap before
{Heap before GC invocations=12 (full 0):
 PSYoungGen      total 14848K, used 13504K [0x00000000d5f00000, 0x00000000d7700000, 0x0000000100000000)
  eden space 13312K, 100% used [0x00000000d5f00000,0x00000000d6c00000,0x00000000d6c00000)
  from space 1536K, 12% used [0x00000000d6c00000,0x00000000d6c30000,0x00000000d6d80000)
  to   space 1536K, 0% used [0x00000000d7580000,0x00000000d7580000,0x00000000d7700000)
 ParOldGen       total 129536K, used 3953K [0x0000000081c00000, 0x0000000089a80000, 0x00000000d5f00000)
  object space 129536K, 3% used [0x0000000081c00000,0x0000000081fdc5a0,0x0000000089a80000)
 Metaspace       used 15170K, capacity 15352K, committed 15488K, reserved 1062912K
  class space    used 2052K, capacity 2114K, committed 2176K, reserved 1048576K
Event: 1.163 GC heap after
Heap after GC invocations=12 (full 0):
 PSYoungGen      total 23040K, used 960K [0x00000000d5f00000, 0x00000000d7700000, 0x0000000100000000)
  eden space 21504K, 0% used [0x00000000d5f00000,0x00000000d5f00000,0x00000000d7400000)
  from space 1536K, 62% used [0x00000000d7580000,0x00000000d7670000,0x00000000d7700000)
  to   space 1536K, 0% used [0x00000000d7400000,0x00000000d7400000,0x00000000d7580000)
 ParOldGen       total 129536K, used 4033K [0x0000000081c00000, 0x0000000089a80000, 0x00000000d5f00000)
  object space 129536K, 3% used [0x0000000081c00000,0x0000000081ff05a0,0x0000000089a80000)
 Metaspace       used 15170K, capacity 15352K, committed 15488K, reserved 1062912K
  class space    used 2052K, capacity 2114K, committed 2176K, reserved 1048576K
}
Event: 2.408 GC heap before
{Heap before GC invocations=13 (full 0):
 PSYoungGen      total 23040K, used 18675K [0x00000000d5f00000, 0x00000000d7700000, 0x0000000100000000)
  eden space 21504K, 82% used [0x00000000d5f00000,0x00000000d704ccd0,0x00000000d7400000)
  from space 1536K, 62% used [0x00000000d7580000,0x00000000d7670000,0x00000000d7700000)
  to   space 1536K, 0% used [0x00000000d7400000,0x00000000d7400000,0x00000000d7580000)
 ParOldGen       total 129536K, used 4033K [0x0000000081c00000, 0x0000000089a80000, 0x00000000d5f00000)
  object space 129536K, 3% used [0x0000000081c00000,0x0000000081ff05a0,0x0000000089a80000)
 Metaspace       used 20898K, capacity 21066K, committed 21248K, reserved 1067008K
  class space    used 2935K, capacity 3013K, committed 3072K, reserved 1048576K
Event: 2.415 GC heap after
Heap after GC invocations=13 (full 0):
 PSYoungGen      total 23040K, used 1536K [0x00000000d5f00000, 0x00000000d8800000, 0x0000000100000000)
  eden space 21504K, 0% used [0x00000000d5f00000,0x00000000d5f00000,0x00000000d7400000)
  from space 1536K, 100% used [0x00000000d7400000,0x00000000d7580000,0x00000000d7580000)
  to   space 3584K, 0% used [0x00000000d8480000,0x00000000d8480000,0x00000000d8800000)
 ParOldGen       total 129536K, used 8542K [0x0000000081c00000, 0x0000000089a80000, 0x00000000d5f00000)
  object space 129536K, 6% used [0x0000000081c00000,0x0000000082457988,0x0000000089a80000)
 Metaspace       used 20898K, capacity 21066K, committed 21248K, reserved 1067008K
  class space    used 2935K, capacity 3013K, committed 3072K, reserved 1048576K
}
Event: 2.415 GC heap before
{Heap before GC invocations=14 (full 1):
 PSYoungGen      total 23040K, used 1536K [0x00000000d5f00000, 0x00000000d8800000, 0x0000000100000000)
  eden space 21504K, 0% used [0x00000000d5f00000,0x00000000d5f00000,0x00000000d7400000)
  from space 1536K, 100% used [0x00000000d7400000,0x00000000d7580000,0x00000000d7580000)
  to   space 3584K, 0% used [0x00000000d8480000,0x00000000d8480000,0x00000000d8800000)
 ParOldGen       total 129536K, used 8542K [0x0000000081c00000, 0x0000000089a80000, 0x00000000d5f00000)
  object space 129536K, 6% used [0x0000000081c00000,0x0000000082457988,0x0000000089a80000)
 Metaspace       used 20898K, capacity 21066K, committed 21248K, reserved 1067008K
  class space    used 2935K, capacity 3013K, committed 3072K, reserved 1048576K
Event: 2.474 GC heap after
Heap after GC invocations=14 (full 1):
 PSYoungGen      total 23040K, used 0K [0x00000000d5f00000, 0x00000000d8800000, 0x0000000100000000)
  eden space 21504K, 0% used [0x00000000d5f00000,0x00000000d5f00000,0x00000000d7400000)
  from space 1536K, 0% used [0x00000000d7400000,0x00000000d7400000,0x00000000d7580000)
  to   space 3584K, 0% used [0x00000000d8480000,0x00000000d8480000,0x00000000d8800000)
 ParOldGen       total 13312K, used 9754K [0x0000000081c00000, 0x0000000082900000, 0x00000000d5f00000)
  object space 13312K, 73% used [0x0000000081c00000,0x0000000082586a10,0x0000000082900000)
 Metaspace       used 20898K, capacity 21066K, committed 21248K, reserved 1067008K
  class space    used 2935K, capacity 3013K, committed 3072K, reserved 1048576K
}
Event: 3.272 GC heap before
{Heap before GC invocations=15 (full 1):
 PSYoungGen      total 23040K, used 21504K [0x00000000d5f00000, 0x00000000d8800000, 0x0000000100000000)
  eden space 21504K, 100% used [0x00000000d5f00000,0x00000000d7400000,0x00000000d7400000)
  from space 1536K, 0% used [0x00000000d7400000,0x00000000d7400000,0x00000000d7580000)
  to   space 3584K, 0% used [0x00000000d8480000,0x00000000d8480000,0x00000000d8800000)
 ParOldGen       total 13312K, used 9754K [0x0000000081c00000, 0x0000000082900000, 0x00000000d5f00000)
  object space 13312K, 73% used [0x0000000081c00000,0x0000000082586a10,0x0000000082900000)
 Metaspace       used 22129K, capacity 22320K, committed 22656K, reserved 1069056K
  class space    used 3050K, capacity 3110K, committed 3200K, reserved 1048576K
Event: 3.289 GC heap after
Heap after GC invocations=15 (full 1):
 PSYoungGen      total 32768K, used 3243K [0x00000000d5f00000, 0x00000000d8800000, 0x0000000100000000)
  eden space 29184K, 0% used [0x00000000d5f00000,0x00000000d5f00000,0x00000000d7b80000)
  from space 3584K, 90% used [0x00000000d8480000,0x00000000d87aae80,0x00000000d8800000)
  to   space 4096K, 0% used [0x00000000d8000000,0x00000000d8000000,0x00000000d8400000)
 ParOldGen       total 13312K, used 11810K [0x0000000081c00000, 0x0000000082900000, 0x00000000d5f00000)
  object space 13312K, 88% used [0x0000000081c00000,0x0000000082788a20,0x0000000082900000)
 Metaspace       used 22129K, capacity 22320K, committed 22656K, reserved 1069056K
  class space    used 3050K, capacity 3110K, committed 3200K, reserved 1048576K
}
Event: 3.289 GC heap before
{Heap before GC invocations=16 (full 2):
 PSYoungGen      total 32768K, used 3243K [0x00000000d5f00000, 0x00000000d8800000, 0x0000000100000000)
  eden space 29184K, 0% used [0x00000000d5f00000,0x00000000d5f00000,0x00000000d7b80000)
  from space 3584K, 90% used [0x00000000d8480000,0x00000000d87aae80,0x00000000d8800000)
  to   space 4096K, 0% used [0x00000000d8000000,0x00000000d8000000,0x00000000d8400000)
 ParOldGen       total 13312K, used 11810K [0x0000000081c00000, 0x0000000082900000, 0x00000000d5f00000)
  object space 13312K, 88% used [0x0000000081c00000,0x0000000082788a20,0x0000000082900000)
 Metaspace       used 22129K, capacity 22320K, committed 22656K, reserved 1069056K
  class space    used 3050K, capacity 3110K, committed 3200K, reserved 1048576K
Event: 3.346 GC heap after
Heap after GC invocations=16 (full 2):
 PSYoungGen      total 32768K, used 0K [0x00000000d5f00000, 0x00000000d8800000, 0x0000000100000000)
  eden space 29184K, 0% used [0x00000000d5f00000,0x00000000d5f00000,0x00000000d7b80000)
  from space 3584K, 0% used [0x00000000d8480000,0x00000000d8480000,0x00000000d8800000)
  to   space 4096K, 0% used [0x00000000d8000000,0x00000000d8000000,0x00000000d8400000)
 ParOldGen       total 17408K, used 12490K [0x0000000081c00000, 0x0000000082d00000, 0x00000000d5f00000)
  object space 17408K, 71% used [0x0000000081c00000,0x0000000082832850,0x0000000082d00000)
 Metaspace       used 22129K, capacity 22320K, committed 22656K, reserved 1069056K
  class space    used 3050K, capacity 3110K, committed 3200K, reserved 1048576K
}

