# JRE version: Java(TM) SE Runtime Environment (8.0_11-b12) (build 1.8.0_11-b12)
# Java VM: Java HotSpot(TM) 64-Bit Server VM (25.11-b03 mixed mode windows-amd64 compressed oops)
Heap:
 PSYoungGen      total 53760K, used 5557K [0x00000000d5f00000, 0x00000000d9a00000, 0x0000000100000000)
  eden space 47104K, 11% used [0x00000000d5f00000,0x00000000d644d5e0,0x00000000d8d00000)
  from space 6656K, 1% used [0x00000000d9380000,0x00000000d93a0000,0x00000000d9a00000)
  to   space 6656K, 0% used [0x00000000d8d00000,0x00000000d8d00000,0x00000000d9380000)
 ParOldGen       total 19456K, used 12490K [0x0000000081c00000, 0x0000000082f00000, 0x00000000d5f00000)
  object space 19456K, 64% used [0x0000000081c00000,0x0000000082832958,0x0000000082f00000)
 Metaspace       used 22786K, capacity 23024K, committed 23168K, reserved 1069056K
  class space    used 3076K, capacity 3174K, committed 3200K, reserved 1048576K
GC Heap History (10 events):
Event: 2.388 GC heap before
{Heap before GC invocations=14 (full 1):
 PSYoungGen      total 23040K, used 1522K [0x00000000d5f00000, 0x00000000d8d00000, 0x0000000100000000)
  eden space 21504K, 0% used [0x00000000d5f00000,0x00000000d5f00000,0x00000000d7400000)
  from space 1536K, 99% used [0x00000000d7400000,0x00000000d757ca80,0x00000000d7580000)
  to   space 6144K, 0% used [0x00000000d8700000,0x00000000d8700000,0x00000000d8d00000)
 ParOldGen       total 129536K, used 15788K [0x0000000081c00000, 0x0000000089a80000, 0x00000000d5f00000)
  object space 129536K, 12% used [0x0000000081c00000,0x0000000082b6b138,0x0000000089a80000)
 Metaspace       used 20841K, capacity 21034K, committed 21248K, reserved 1067008K
  class space    used 2923K, capacity 2981K, committed 3072K, reserved 1048576K
Event: 2.416 GC heap after
Heap after GC invocations=14 (full 1):
 PSYoungGen      total 23040K, used 0K [0x00000000d5f00000, 0x00000000d8d00000, 0x0000000100000000)
  eden space 21504K, 0% used [0x00000000d5f00000,0x00000000d5f00000,0x00000000d7400000)
  from space 1536K, 0% used [0x00000000d7400000,0x00000000d7400000,0x00000000d7580000)
  to   space 6144K, 0% used [0x00000000d8700000,0x00000000d8700000,0x00000000d8d00000)
 ParOldGen       total 16384K, used 10019K [0x0000000081c00000, 0x0000000082c00000, 0x00000000d5f00000)
  object space 16384K, 61% used [0x0000000081c00000,0x00000000825c8c08,0x0000000082c00000)
 Metaspace       used 20841K, capacity 21034K, committed 21248K, reserved 1067008K
  class space    used 2923K, capacity 2981K, committed 3072K, reserved 1048576K
}
Event: 5.192 GC heap before
{Heap before GC invocations=15 (full 1):
 PSYoungGen      total 23040K, used 21504K [0x00000000d5f00000, 0x00000000d8d00000, 0x0000000100000000)
  eden space 21504K, 100% used [0x00000000d5f00000,0x00000000d7400000,0x00000000d7400000)
  from space 1536K, 0% used [0x00000000d7400000,0x00000000d7400000,0x00000000d7580000)
  to   space 6144K, 0% used [0x00000000d8700000,0x00000000d8700000,0x00000000d8d00000)
 ParOldGen       total 16384K, used 10019K [0x0000000081c00000, 0x0000000082c00000, 0x00000000d5f00000)
  object space 16384K, 61% used [0x0000000081c00000,0x00000000825c8c08,0x0000000082c00000)
 Metaspace       used 22114K, capacity 22378K, committed 22656K, reserved 1069056K
  class space    used 3025K, capacity 3109K, committed 3200K, reserved 1048576K
Event: 5.196 GC heap after
Heap after GC invocations=15 (full 1):
 PSYoungGen      total 36864K, used 3895K [0x00000000d5f00000, 0x00000000d8b80000, 0x0000000100000000)
  eden space 32256K, 0% used [0x00000000d5f00000,0x00000000d5f00000,0x00000000d7e80000)
  from space 4608K, 84% used [0x00000000d8700000,0x00000000d8acdcf0,0x00000000d8b80000)
  to   space 6656K, 0% used [0x00000000d7e80000,0x00000000d7e80000,0x00000000d8500000)
 ParOldGen       total 16384K, used 10027K [0x0000000081c00000, 0x0000000082c00000, 0x00000000d5f00000)
  object space 16384K, 61% used [0x0000000081c00000,0x00000000825cac08,0x0000000082c00000)
 Metaspace       used 22114K, capacity 22378K, committed 22656K, reserved 1069056K
  class space    used 3025K, capacity 3109K, committed 3200K, reserved 1048576K
}
Event: 21.337 GC heap before
{Heap before GC invocations=16 (full 1):
 PSYoungGen      total 36864K, used 36151K [0x00000000d5f00000, 0x00000000d8b80000, 0x0000000100000000)
  eden space 32256K, 100% used [0x00000000d5f00000,0x00000000d7e80000,0x00000000d7e80000)
  from space 4608K, 84% used [0x00000000d8700000,0x00000000d8acdcf0,0x00000000d8b80000)
  to   space 6656K, 0% used [0x00000000d7e80000,0x00000000d7e80000,0x00000000d8500000)
 ParOldGen       total 16384K, used 10027K [0x0000000081c00000, 0x0000000082c00000, 0x00000000d5f00000)
  object space 16384K, 61% used [0x0000000081c00000,0x00000000825cac08,0x0000000082c00000)
 Metaspace       used 22347K, capacity 22570K, committed 22912K, reserved 1069056K
  class space    used 3025K, capacity 3109K, committed 3200K, reserved 1048576K
Event: 21.340 GC heap after
Heap after GC invocations=16 (full 1):
 PSYoungGen      total 38912K, used 64K [0x00000000d5f00000, 0x00000000d9a00000, 0x0000000100000000)
  eden space 32256K, 0% used [0x00000000d5f00000,0x00000000d5f00000,0x00000000d7e80000)
  from space 6656K, 0% used [0x00000000d7e80000,0x00000000d7e90000,0x00000000d8500000)
  to   space 6656K, 0% used [0x00000000d9380000,0x00000000d9380000,0x00000000d9a00000)
 ParOldGen       total 16384K, used 13150K [0x0000000081c00000, 0x0000000082c00000, 0x00000000d5f00000)
  object space 16384K, 80% used [0x0000000081c00000,0x00000000828d7a88,0x0000000082c00000)
 Metaspace       used 22347K, capacity 22570K, committed 22912K, reserved 1069056K
  class space    used 3025K, capacity 3109K, committed 3200K, reserved 1048576K
}
Event: 21.340 GC heap before
{Heap before GC invocations=17 (full 2):
 PSYoungGen      total 38912K, used 64K [0x00000000d5f00000, 0x00000000d9a00000, 0x0000000100000000)
  eden space 32256K, 0% used [0x00000000d5f00000,0x00000000d5f00000,0x00000000d7e80000)
  from space 6656K, 0% used [0x00000000d7e80000,0x00000000d7e90000,0x00000000d8500000)
  to   space 6656K, 0% used [0x00000000d9380000,0x00000000d9380000,0x00000000d9a00000)
 ParOldGen       total 16384K, used 13150K [0x0000000081c00000, 0x0000000082c00000, 0x00000000d5f00000)
  object space 16384K, 80% used [0x0000000081c00000,0x00000000828d7a88,0x0000000082c00000)
 Metaspace       used 22347K, capacity 22570K, committed 22912K, reserved 1069056K
  class space    used 3025K, capacity 3109K, committed 3200K, reserved 1048576K
Event: 21.443 GC heap after
Heap after GC invocations=17 (full 2):
 PSYoungGen      total 38912K, used 0K [0x00000000d5f00000, 0x00000000d9a00000, 0x0000000100000000)
  eden space 32256K, 0% used [0x00000000d5f00000,0x00000000d5f00000,0x00000000d7e80000)
  from space 6656K, 0% used [0x00000000d7e80000,0x00000000d7e80000,0x00000000d8500000)
  to   space 6656K, 0% used [0x00000000d9380000,0x00000000d9380000,0x00000000d9a00000)
 ParOldGen       total 19456K, used 12482K [0x0000000081c00000, 0x0000000082f00000, 0x00000000d5f00000)
  object space 19456K, 64% used [0x0000000081c00000,0x0000000082830958,0x0000000082f00000)
 Metaspace       used 22347K, capacity 22570K, committed 22912K, reserved 1069056K
  class space    used 3025K, capacity 3109K, committed 3200K, reserved 1048576K
}
Event: 39.296 GC heap before
{Heap before GC invocations=18 (full 2):
 PSYoungGen      total 38912K, used 32256K [0x00000000d5f00000, 0x00000000d9a00000, 0x0000000100000000)
  eden space 32256K, 100% used [0x00000000d5f00000,0x00000000d7e80000,0x00000000d7e80000)
  from space 6656K, 0% used [0x00000000d7e80000,0x00000000d7e80000,0x00000000d8500000)
  to   space 6656K, 0% used [0x00000000d9380000,0x00000000d9380000,0x00000000d9a00000)
 ParOldGen       total 19456K, used 12482K [0x0000000081c00000, 0x0000000082f00000, 0x00000000d5f00000)
  object space 19456K, 64% used [0x0000000081c00000,0x0000000082830958,0x0000000082f00000)
 Metaspace       used 22640K, capacity 22858K, committed 23168K, reserved 1069056K
  class space    used 3040K, capacity 3141K, committed 3200K, reserved 1048576K
Event: 39.297 GC heap after
Heap after GC invocations=18 (full 2):
 PSYoungGen      total 53760K, used 128K [0x00000000d5f00000, 0x00000000d9a00000, 0x0000000100000000)
  eden space 47104K, 0% used [0x00000000d5f00000,0x00000000d5f00000,0x00000000d8d00000)
  from space 6656K, 1% used [0x00000000d9380000,0x00000000d93a0000,0x00000000d9a00000)
  to   space 6656K, 0% used [0x00000000d8d00000,0x00000000d8d00000,0x00000000d9380000)
 ParOldGen       total 19456K, used 12490K [0x0000000081c00000, 0x0000000082f00000, 0x00000000d5f00000)
  object space 19456K, 64% used [0x0000000081c00000,0x0000000082832958,0x0000000082f00000)
 Metaspace       used 22640K, capacity 22858K, committed 23168K, reserved 1069056K
  class space    used 3040K, capacity 3141K, committed 3200K, reserved 1048576K
}

