# JRE version: Java(TM) SE Runtime Environment (8.0_11-b12) (build 1.8.0_11-b12)
# Java VM: Java HotSpot(TM) 64-Bit Server VM (25.11-b03 mixed mode windows-amd64 compressed oops)
Heap:
 PSYoungGen      total 30208K, used 22046K [0x00000000d5f00000, 0x00000000d8380000, 0x0000000100000000)
  eden space 28672K, 76% used [0x00000000d5f00000,0x00000000d74879d8,0x00000000d7b00000)
  from space 1536K, 0% used [0x00000000d8200000,0x00000000d8200000,0x00000000d8380000)
  to   space 2048K, 0% used [0x00000000d7f80000,0x00000000d7f80000,0x00000000d8180000)
 ParOldGen       total 17408K, used 12484K [0x0000000081c00000, 0x0000000082d00000, 0x00000000d5f00000)
  object space 17408K, 71% used [0x0000000081c00000,0x0000000082831160,0x0000000082d00000)
 Metaspace       used 22469K, capacity 22704K, committed 22912K, reserved 1069056K
  class space    used 3054K, capacity 3110K, committed 3200K, reserved 1048576K
GC Heap History (10 events):
Event: 1.783 GC heap before
{Heap before GC invocations=12 (full 0):
 PSYoungGen      total 14848K, used 13472K [0x00000000d5f00000, 0x00000000d7700000, 0x0000000100000000)
  eden space 13312K, 100% used [0x00000000d5f00000,0x00000000d6c00000,0x00000000d6c00000)
  from space 1536K, 10% used [0x00000000d6c00000,0x00000000d6c28000,0x00000000d6d80000)
  to   space 1536K, 0% used [0x00000000d7580000,0x00000000d7580000,0x00000000d7700000)
 ParOldGen       total 129536K, used 3977K [0x0000000081c00000, 0x0000000089a80000, 0x00000000d5f00000)
  object space 129536K, 3% used [0x0000000081c00000,0x0000000081fe2590,0x0000000089a80000)
 Metaspace       used 15902K, capacity 16088K, committed 16384K, reserved 1062912K
  class space    used 2157K, capacity 2210K, committed 2304K, reserved 1048576K
Event: 1.797 GC heap after
Heap after GC invocations=12 (full 0):
 PSYoungGen      total 22528K, used 1120K [0x00000000d5f00000, 0x00000000d7800000, 0x0000000100000000)
  eden space 20992K, 0% used [0x00000000d5f00000,0x00000000d5f00000,0x00000000d7380000)
  from space 1536K, 72% used [0x00000000d7580000,0x00000000d7698000,0x00000000d7700000)
  to   space 2048K, 0% used [0x00000000d7380000,0x00000000d7380000,0x00000000d7580000)
 ParOldGen       total 129536K, used 4049K [0x0000000081c00000, 0x0000000089a80000, 0x00000000d5f00000)
  object space 129536K, 3% used [0x0000000081c00000,0x0000000081ff4590,0x0000000089a80000)
 Metaspace       used 15902K, capacity 16088K, committed 16384K, reserved 1062912K
  class space    used 2157K, capacity 2210K, committed 2304K, reserved 1048576K
}
Event: 2.924 GC heap before
{Heap before GC invocations=13 (full 0):
 PSYoungGen      total 22528K, used 19090K [0x00000000d5f00000, 0x00000000d7800000, 0x0000000100000000)
  eden space 20992K, 85% used [0x00000000d5f00000,0x00000000d708cbe8,0x00000000d7380000)
  from space 1536K, 72% used [0x00000000d7580000,0x00000000d7698000,0x00000000d7700000)
  to   space 2048K, 0% used [0x00000000d7380000,0x00000000d7380000,0x00000000d7580000)
 ParOldGen       total 129536K, used 4049K [0x0000000081c00000, 0x0000000089a80000, 0x00000000d5f00000)
  object space 129536K, 3% used [0x0000000081c00000,0x0000000081ff4590,0x0000000089a80000)
 Metaspace       used 20868K, capacity 21034K, committed 21248K, reserved 1067008K
  class space    used 2920K, capacity 2981K, committed 3072K, reserved 1048576K
Event: 2.929 GC heap after
Heap after GC invocations=13 (full 0):
 PSYoungGen      total 23040K, used 1490K [0x00000000d5f00000, 0x00000000d8400000, 0x0000000100000000)
  eden space 20992K, 0% used [0x00000000d5f00000,0x00000000d5f00000,0x00000000d7380000)
  from space 2048K, 72% used [0x00000000d7380000,0x00000000d74f4a80,0x00000000d7580000)
  to   space 2048K, 0% used [0x00000000d8200000,0x00000000d8200000,0x00000000d8400000)
 ParOldGen       total 129536K, used 8662K [0x0000000081c00000, 0x0000000089a80000, 0x00000000d5f00000)
  object space 129536K, 6% used [0x0000000081c00000,0x0000000082475978,0x0000000089a80000)
 Metaspace       used 20868K, capacity 21034K, committed 21248K, reserved 1067008K
  class space    used 2920K, capacity 2981K, committed 3072K, reserved 1048576K
}
Event: 2.929 GC heap before
{Heap before GC invocations=14 (full 1):
 PSYoungGen      total 23040K, used 1490K [0x00000000d5f00000, 0x00000000d8400000, 0x0000000100000000)
  eden space 20992K, 0% used [0x00000000d5f00000,0x00000000d5f00000,0x00000000d7380000)
  from space 2048K, 72% used [0x00000000d7380000,0x00000000d74f4a80,0x00000000d7580000)
  to   space 2048K, 0% used [0x00000000d8200000,0x00000000d8200000,0x00000000d8400000)
 ParOldGen       total 129536K, used 8662K [0x0000000081c00000, 0x0000000089a80000, 0x00000000d5f00000)
  object space 129536K, 6% used [0x0000000081c00000,0x0000000082475978,0x0000000089a80000)
 Metaspace       used 20868K, capacity 21034K, committed 21248K, reserved 1067008K
  class space    used 2920K, capacity 2981K, committed 3072K, reserved 1048576K
Event: 3.008 GC heap after
Heap after GC invocations=14 (full 1):
 PSYoungGen      total 23040K, used 0K [0x00000000d5f00000, 0x00000000d8400000, 0x0000000100000000)
  eden space 20992K, 0% used [0x00000000d5f00000,0x00000000d5f00000,0x00000000d7380000)
  from space 2048K, 0% used [0x00000000d7380000,0x00000000d7380000,0x00000000d7580000)
  to   space 2048K, 0% used [0x00000000d8200000,0x00000000d8200000,0x00000000d8400000)
 ParOldGen       total 13312K, used 9776K [0x0000000081c00000, 0x0000000082900000, 0x00000000d5f00000)
  object space 13312K, 73% used [0x0000000081c00000,0x000000008258c1c8,0x0000000082900000)
 Metaspace       used 20868K, capacity 21034K, committed 21248K, reserved 1067008K
  class space    used 2920K, capacity 2981K, committed 3072K, reserved 1048576K
}
Event: 3.801 GC heap before
{Heap before GC invocations=15 (full 1):
 PSYoungGen      total 23040K, used 20992K [0x00000000d5f00000, 0x00000000d8400000, 0x0000000100000000)
  eden space 20992K, 100% used [0x00000000d5f00000,0x00000000d7380000,0x00000000d7380000)
  from space 2048K, 0% used [0x00000000d7380000,0x00000000d7380000,0x00000000d7580000)
  to   space 2048K, 0% used [0x00000000d8200000,0x00000000d8200000,0x00000000d8400000)
 ParOldGen       total 13312K, used 9776K [0x0000000081c00000, 0x0000000082900000, 0x00000000d5f00000)
  object space 13312K, 73% used [0x0000000081c00000,0x000000008258c1c8,0x0000000082900000)
 Metaspace       used 21981K, capacity 22154K, committed 22400K, reserved 1069056K
  class space    used 3016K, capacity 3077K, committed 3200K, reserved 1048576K
Event: 3.804 GC heap after
Heap after GC invocations=15 (full 1):
 PSYoungGen      total 30208K, used 1131K [0x00000000d5f00000, 0x00000000d8380000, 0x0000000100000000)
  eden space 28672K, 0% used [0x00000000d5f00000,0x00000000d5f00000,0x00000000d7b00000)
  from space 1536K, 73% used [0x00000000d8200000,0x00000000d831ae70,0x00000000d8380000)
  to   space 2048K, 0% used [0x00000000d7f80000,0x00000000d7f80000,0x00000000d8180000)
 ParOldGen       total 13312K, used 11832K [0x0000000081c00000, 0x0000000082900000, 0x00000000d5f00000)
  object space 13312K, 88% used [0x0000000081c00000,0x000000008278e1d8,0x0000000082900000)
 Metaspace       used 21981K, capacity 22154K, committed 22400K, reserved 1069056K
  class space    used 3016K, capacity 3077K, committed 3200K, reserved 1048576K
}
Event: 3.804 GC heap before
{Heap before GC invocations=16 (full 2):
 PSYoungGen      total 30208K, used 1131K [0x00000000d5f00000, 0x00000000d8380000, 0x0000000100000000)
  eden space 28672K, 0% used [0x00000000d5f00000,0x00000000d5f00000,0x00000000d7b00000)
  from space 1536K, 73% used [0x00000000d8200000,0x00000000d831ae70,0x00000000d8380000)
  to   space 2048K, 0% used [0x00000000d7f80000,0x00000000d7f80000,0x00000000d8180000)
 ParOldGen       total 13312K, used 11832K [0x0000000081c00000, 0x0000000082900000, 0x00000000d5f00000)
  object space 13312K, 88% used [0x0000000081c00000,0x000000008278e1d8,0x0000000082900000)
 Metaspace       used 21981K, capacity 22154K, committed 22400K, reserved 1069056K
  class space    used 3016K, capacity 3077K, committed 3200K, reserved 1048576K
Event: 3.848 GC heap after
Heap after GC invocations=16 (full 2):
 PSYoungGen      total 30208K, used 0K [0x00000000d5f00000, 0x00000000d8380000, 0x0000000100000000)
  eden space 28672K, 0% used [0x00000000d5f00000,0x00000000d5f00000,0x00000000d7b00000)
  from space 1536K, 0% used [0x00000000d8200000,0x00000000d8200000,0x00000000d8380000)
  to   space 2048K, 0% used [0x00000000d7f80000,0x00000000d7f80000,0x00000000d8180000)
 ParOldGen       total 17408K, used 12484K [0x0000000081c00000, 0x0000000082d00000, 0x00000000d5f00000)
  object space 17408K, 71% used [0x0000000081c00000,0x0000000082831160,0x0000000082d00000)
 Metaspace       used 21981K, capacity 22154K, committed 22400K, reserved 1069056K
  class space    used 3016K, capacity 3077K, committed 3200K, reserved 1048576K
}

