# JRE version: Java(TM) SE Runtime Environment (8.0_11-b12) (build 1.8.0_11-b12)
# Java VM: Java HotSpot(TM) 64-Bit Server VM (25.11-b03 mixed mode windows-amd64 compressed oops)
Heap:
 PSYoungGen      total 39936K, used 8191K [0x00000000d5f00000, 0x00000000d9980000, 0x0000000100000000)
  eden space 32768K, 24% used [0x00000000d5f00000,0x00000000d66ffd20,0x00000000d7f00000)
  from space 7168K, 0% used [0x00000000d7f00000,0x00000000d7f00000,0x00000000d8600000)
  to   space 7168K, 0% used [0x00000000d9280000,0x00000000d9280000,0x00000000d9980000)
 ParOldGen       total 19456K, used 12537K [0x0000000081c00000, 0x0000000082f00000, 0x00000000d5f00000)
  object space 19456K, 64% used [0x0000000081c00000,0x000000008283e7a8,0x0000000082f00000)
 Metaspace       used 22357K, capacity 22576K, committed 22912K, reserved 1069056K
  class space    used 3052K, capacity 3110K, committed 3200K, reserved 1048576K
GC Heap History (10 events):
Event: 2.740 GC heap before
{Heap before GC invocations=13 (full 0):
 PSYoungGen      total 23040K, used 19893K [0x00000000d5f00000, 0x00000000d7700000, 0x0000000100000000)
  eden space 21504K, 87% used [0x00000000d5f00000,0x00000000d71540b8,0x00000000d7400000)
  from space 1536K, 73% used [0x00000000d7580000,0x00000000d76995a0,0x00000000d7700000)
  to   space 1536K, 0% used [0x00000000d7400000,0x00000000d7400000,0x00000000d7580000)
 ParOldGen       total 129536K, used 4026K [0x0000000081c00000, 0x0000000089a80000, 0x00000000d5f00000)
  object space 129536K, 3% used [0x0000000081c00000,0x0000000081fee8c8,0x0000000089a80000)
 Metaspace       used 20877K, capacity 21034K, committed 21248K, reserved 1067008K
  class space    used 2920K, capacity 2981K, committed 3072K, reserved 1048576K
Event: 2.747 GC heap after
Heap after GC invocations=13 (full 0):
 PSYoungGen      total 23040K, used 1524K [0x00000000d5f00000, 0x00000000d8d00000, 0x0000000100000000)
  eden space 21504K, 0% used [0x00000000d5f00000,0x00000000d5f00000,0x00000000d7400000)
  from space 1536K, 99% used [0x00000000d7400000,0x00000000d757d388,0x00000000d7580000)
  to   space 6144K, 0% used [0x00000000d8700000,0x00000000d8700000,0x00000000d8d00000)
 ParOldGen       total 129536K, used 15721K [0x0000000081c00000, 0x0000000089a80000, 0x00000000d5f00000)
  object space 129536K, 12% used [0x0000000081c00000,0x0000000082b5a460,0x0000000089a80000)
 Metaspace       used 20877K, capacity 21034K, committed 21248K, reserved 1067008K
  class space    used 2920K, capacity 2981K, committed 3072K, reserved 1048576K
}
Event: 2.747 GC heap before
{Heap before GC invocations=14 (full 1):
 PSYoungGen      total 23040K, used 1524K [0x00000000d5f00000, 0x00000000d8d00000, 0x0000000100000000)
  eden space 21504K, 0% used [0x00000000d5f00000,0x00000000d5f00000,0x00000000d7400000)
  from space 1536K, 99% used [0x00000000d7400000,0x00000000d757d388,0x00000000d7580000)
  to   space 6144K, 0% used [0x00000000d8700000,0x00000000d8700000,0x00000000d8d00000)
 ParOldGen       total 129536K, used 15721K [0x0000000081c00000, 0x0000000089a80000, 0x00000000d5f00000)
  object space 129536K, 12% used [0x0000000081c00000,0x0000000082b5a460,0x0000000089a80000)
 Metaspace       used 20877K, capacity 21034K, committed 21248K, reserved 1067008K
  class space    used 2920K, capacity 2981K, committed 3072K, reserved 1048576K
Event: 2.773 GC heap after
Heap after GC invocations=14 (full 1):
 PSYoungGen      total 23040K, used 0K [0x00000000d5f00000, 0x00000000d8d00000, 0x0000000100000000)
  eden space 21504K, 0% used [0x00000000d5f00000,0x00000000d5f00000,0x00000000d7400000)
  from space 1536K, 0% used [0x00000000d7400000,0x00000000d7400000,0x00000000d7580000)
  to   space 6144K, 0% used [0x00000000d8700000,0x00000000d8700000,0x00000000d8d00000)
 ParOldGen       total 16384K, used 10012K [0x0000000081c00000, 0x0000000082c00000, 0x00000000d5f00000)
  object space 16384K, 61% used [0x0000000081c00000,0x00000000825c71e0,0x0000000082c00000)
 Metaspace       used 20877K, capacity 21034K, committed 21248K, reserved 1067008K
  class space    used 2920K, capacity 2981K, committed 3072K, reserved 1048576K
}
Event: 3.666 GC heap before
{Heap before GC invocations=15 (full 1):
 PSYoungGen      total 23040K, used 21504K [0x00000000d5f00000, 0x00000000d8d00000, 0x0000000100000000)
  eden space 21504K, 100% used [0x00000000d5f00000,0x00000000d7400000,0x00000000d7400000)
  from space 1536K, 0% used [0x00000000d7400000,0x00000000d7400000,0x00000000d7580000)
  to   space 6144K, 0% used [0x00000000d8700000,0x00000000d8700000,0x00000000d8d00000)
 ParOldGen       total 16384K, used 10012K [0x0000000081c00000, 0x0000000082c00000, 0x00000000d5f00000)
  object space 16384K, 61% used [0x0000000081c00000,0x00000000825c71e0,0x0000000082c00000)
 Metaspace       used 22024K, capacity 22218K, committed 22656K, reserved 1069056K
  class space    used 3018K, capacity 3077K, committed 3200K, reserved 1048576K
Event: 3.670 GC heap after
Heap after GC invocations=15 (full 1):
 PSYoungGen      total 37888K, used 5911K [0x00000000d5f00000, 0x00000000d8d00000, 0x0000000100000000)
  eden space 31744K, 0% used [0x00000000d5f00000,0x00000000d5f00000,0x00000000d7e00000)
  from space 6144K, 96% used [0x00000000d8700000,0x00000000d8cc5d00,0x00000000d8d00000)
  to   space 7168K, 0% used [0x00000000d7f00000,0x00000000d7f00000,0x00000000d8600000)
 ParOldGen       total 16384K, used 10020K [0x0000000081c00000, 0x0000000082c00000, 0x00000000d5f00000)
  object space 16384K, 61% used [0x0000000081c00000,0x00000000825c91e0,0x0000000082c00000)
 Metaspace       used 22024K, capacity 22218K, committed 22656K, reserved 1069056K
  class space    used 3018K, capacity 3077K, committed 3200K, reserved 1048576K
}
Event: 38.211 GC heap before
{Heap before GC invocations=16 (full 1):
 PSYoungGen      total 37888K, used 37655K [0x00000000d5f00000, 0x00000000d8d00000, 0x0000000100000000)
  eden space 31744K, 100% used [0x00000000d5f00000,0x00000000d7e00000,0x00000000d7e00000)
  from space 6144K, 96% used [0x00000000d8700000,0x00000000d8cc5d00,0x00000000d8d00000)
  to   space 7168K, 0% used [0x00000000d7f00000,0x00000000d7f00000,0x00000000d8600000)
 ParOldGen       total 16384K, used 10020K [0x0000000081c00000, 0x0000000082c00000, 0x00000000d5f00000)
  object space 16384K, 61% used [0x0000000081c00000,0x00000000825c91e0,0x0000000082c00000)
 Metaspace       used 22356K, capacity 22576K, committed 22912K, reserved 1069056K
  class space    used 3052K, capacity 3110K, committed 3200K, reserved 1048576K
Event: 38.214 GC heap after
Heap after GC invocations=16 (full 1):
 PSYoungGen      total 39936K, used 224K [0x00000000d5f00000, 0x00000000d9980000, 0x0000000100000000)
  eden space 32768K, 0% used [0x00000000d5f00000,0x00000000d5f00000,0x00000000d7f00000)
  from space 7168K, 3% used [0x00000000d7f00000,0x00000000d7f38000,0x00000000d8600000)
  to   space 7168K, 0% used [0x00000000d9280000,0x00000000d9280000,0x00000000d9980000)
 ParOldGen       total 16384K, used 13008K [0x0000000081c00000, 0x0000000082c00000, 0x00000000d5f00000)
  object space 16384K, 79% used [0x0000000081c00000,0x00000000828b4060,0x0000000082c00000)
 Metaspace       used 22356K, capacity 22576K, committed 22912K, reserved 1069056K
  class space    used 3052K, capacity 3110K, committed 3200K, reserved 1048576K
}
Event: 38.214 GC heap before
{Heap before GC invocations=17 (full 2):
 PSYoungGen      total 39936K, used 224K [0x00000000d5f00000, 0x00000000d9980000, 0x0000000100000000)
  eden space 32768K, 0% used [0x00000000d5f00000,0x00000000d5f00000,0x00000000d7f00000)
  from space 7168K, 3% used [0x00000000d7f00000,0x00000000d7f38000,0x00000000d8600000)
  to   space 7168K, 0% used [0x00000000d9280000,0x00000000d9280000,0x00000000d9980000)
 ParOldGen       total 16384K, used 13008K [0x0000000081c00000, 0x0000000082c00000, 0x00000000d5f00000)
  object space 16384K, 79% used [0x0000000081c00000,0x00000000828b4060,0x0000000082c00000)
 Metaspace       used 22356K, capacity 22576K, committed 22912K, reserved 1069056K
  class space    used 3052K, capacity 3110K, committed 3200K, reserved 1048576K
Event: 38.302 GC heap after
Heap after GC invocations=17 (full 2):
 PSYoungGen      total 39936K, used 0K [0x00000000d5f00000, 0x00000000d9980000, 0x0000000100000000)
  eden space 32768K, 0% used [0x00000000d5f00000,0x00000000d5f00000,0x00000000d7f00000)
  from space 7168K, 0% used [0x00000000d7f00000,0x00000000d7f00000,0x00000000d8600000)
  to   space 7168K, 0% used [0x00000000d9280000,0x00000000d9280000,0x00000000d9980000)
 ParOldGen       total 19456K, used 12537K [0x0000000081c00000, 0x0000000082f00000, 0x00000000d5f00000)
  object space 19456K, 64% used [0x0000000081c00000,0x000000008283e7a8,0x0000000082f00000)
 Metaspace       used 22356K, capacity 22576K, committed 22912K, reserved 1069056K
  class space    used 3052K, capacity 3110K, committed 3200K, reserved 1048576K
}

